app/build/intermediates/manifest_merge_blame_file/debug/manifest-merger-blame-debug-report.txt
1<?xml version="1.0" encoding="utf-8"?>
2<manifest xmlns:android="http://schemas.android.com/apk/res/android"
3    package="com.example.casaan"
4    android:versionCode="1"
5    android:versionName="1.0" >
6
7    <uses-sdk
8        android:minSdkVersion="16"
8-->src/main/AndroidManifest.xml
9        android:targetSdkVersion="30" />
9-->src/main/AndroidManifest.xml
10
11    <uses-permission android:name="android.permission.WAKE_LOCK" />
11-->src/main/AndroidManifest.xml:5:5-68
11-->src/main/AndroidManifest.xml:5:22-65
12    <uses-permission android:name="android.permission.ACCESS_NETWORK_STATE" />
12-->src/main/AndroidManifest.xml:6:5-79
12-->src/main/AndroidManifest.xml:6:22-76
13    <uses-permission android:name="android.permission.INTERNET" />
13-->src/main/AndroidManifest.xml:7:5-67
13-->src/main/AndroidManifest.xml:7:22-64
14    <uses-permission android:name="android.permission.READ_PHONE_STATE" />
14-->src/main/AndroidManifest.xml:8:5-75
14-->src/main/AndroidManifest.xml:8:22-72
15
16    <application
16-->src/main/AndroidManifest.xml:10:5-30:19
17        android:allowBackup="true"
17-->src/main/AndroidManifest.xml:11:9-35
18        android:appComponentFactory="androidx.core.app.CoreComponentFactory"
18-->[androidx.core:core:1.3.1] AndroidManifest.xml:24:18-86
19        android:debuggable="true"
20        android:fullBackupContent="true"
20-->src/main/AndroidManifest.xml:17:9-41
21        android:icon="@mipmap/ic_launcher"
21-->src/main/AndroidManifest.xml:12:9-43
22        android:label="@string/app_name"
22-->src/main/AndroidManifest.xml:13:9-41
23        android:roundIcon="@mipmap/ic_launcher_round"
23-->src/main/AndroidManifest.xml:14:9-54
24        android:supportsRtl="true"
24-->src/main/AndroidManifest.xml:15:9-35
25        android:testOnly="true"
26        android:theme="@style/Theme.Casaan" >
26-->src/main/AndroidManifest.xml:16:9-44
27        <activity
27-->src/main/AndroidManifest.xml:18:9-25:20
28            android:name="com.example.casaan.MainActivity"
28-->src/main/AndroidManifest.xml:19:13-41
29            android:label="@string/app_name" >
29-->src/main/AndroidManifest.xml:20:13-45
30            <intent-filter>
30-->src/main/AndroidManifest.xml:21:13-24:29
31                <action android:name="android.intent.action.MAIN" />
31-->src/main/AndroidManifest.xml:22:17-69
31-->src/main/AndroidManifest.xml:22:25-66
32
33                <category android:name="android.intent.category.LAUNCHER" />
33-->src/main/AndroidManifest.xml:23:17-77
33-->src/main/AndroidManifest.xml:23:27-74
34            </intent-filter>
35        </activity>
36
37        <service android:name="org.eclipse.paho.android.service.MqttService" >
37-->src/main/AndroidManifest.xml:27:9-28:19
37-->src/main/AndroidManifest.xml:27:18-77
38        </service>
39    </application>
40
41</manifest>